<?xml version="1.0" encoding="UTF-8"?>
<!-- Generated by org.testng.reporters.JUnitReportReporter -->
<testsuite skipped="0" hostname="DESKTOP-SL11G16" name="Academy.E2EFramework.HomePage" tests="2" failures="0" timestamp="2020-01-08T13:20:51 IST" time="32.752" errors="0">
  <testcase name="basePageNavigation" time="11.228" classname="Academy.E2EFramework.HomePage"/>
  <testcase name="basePageNavigation" time="21.524" classname="Academy.E2EFramework.HomePage"/>
</testsuite> <!-- Academy.E2EFramework.HomePage -->
