<?xml version="1.0" encoding="UTF-8"?>
<!-- Generated by org.testng.reporters.JUnitReportReporter -->
<testsuite skipped="0" hostname="DESKTOP-SL11G16" name="Academy.E2EFramework.validateTitle" tests="1" failures="0" timestamp="2020-01-08T13:20:51 IST" time="0.272" errors="0">
  <testcase name="validateAppTitle" time="0.272" classname="Academy.E2EFramework.validateTitle"/>
</testsuite> <!-- Academy.E2EFramework.validateTitle -->
