<?xml version="1.0" encoding="UTF-8"?>
<!-- Generated by org.testng.reporters.JUnitReportReporter -->
<testsuite skipped="0" hostname="DESKTOP-SL11G16" name="Academy.E2EFramework.AppTest" tests="1" failures="0" timestamp="2019-12-23T19:52:45 IST" time="0.004" errors="0">
  <testcase name="testApp" time="0.004" classname="Academy.E2EFramework.AppTest"/>
</testsuite> <!-- Academy.E2EFramework.AppTest -->
