<?xml version="1.0" encoding="UTF-8"?>
<!-- Generated by org.testng.reporters.JUnitReportReporter -->
<testsuite hostname="DESKTOP-SL11G16" failures="0" tests="2" name="Academy.E2EFramework.HomePage" time="78.602" errors="0" timestamp="2019-12-30T15:54:26 IST" skipped="0">
  <testcase classname="Academy.E2EFramework.HomePage" name="basePageNavigation" time="33.735"/>
  <testcase classname="Academy.E2EFramework.HomePage" name="basePageNavigation" time="44.867"/>
</testsuite> <!-- Academy.E2EFramework.HomePage -->
