<?xml version="1.0" encoding="UTF-8"?>
<!-- Generated by org.testng.reporters.JUnitReportReporter -->
<testsuite hostname="DESKTOP-SL11G16" failures="0" tests="1" name="Academy.E2EFramework.validateNavigationBar" time="1.157" errors="0" timestamp="2019-12-30T15:54:26 IST" skipped="0">
  <testcase classname="Academy.E2EFramework.validateNavigationBar" name="validateAppNavBar" time="1.157"/>
</testsuite> <!-- Academy.E2EFramework.validateNavigationBar -->
